mdncomp
=======

1.1.7-alpha
FIX: Correct machine name for Android/Webview browser data in formatters.
ADD: Prefix list / mark (in default, svg).
CHG: Browser order is now alphabetic for each section.
IMP: wildcard chars not needed at beginning or end anymore
IMP: SVG formatting (header/status alignment to left edge)

1.1.6-alpha
FIX: if added was false it was interpreted as unknown, correct to "no".
CHG: If type (-t) not specified when saving to file (-o), type is detected by file extension.
CHG: If type (-t) = "txt" the -b option is automatically enabled. Use .ansi etc. for output with color codes.
IMP: When a version range, a unknown removed is know represented as "?" instead of "Y"
IMP: SVG formatting (flag indicator, details, Safari icon due to size)
IMP: Internal refactorings

1.1.5-alpha
FIX: Proper parent object.
FIX: Newline bug in notes list
IMP: Link font size in SVG with long links
IMP: Color for status in SVG
IMP: -a option alignment
IMP: Internal refactorings
IMP: SVG formatting

1.1.4-alpha
FIX: status object is optional -> now normalized to an empty object
FIX: footnote counter
IMP: SVG formatting (header, status, link, table)

1.1.3-alpha
TMP: Temp. workaround for missing status object in __compat.
IMP: SVG formatting (the check-mark, colors)

1.1.2-alpha
IMP: SVG formatting (the "no" symbol and color)

1.1.1-alpha
IMP: SVG formatting

1.1.0-alpha
ADD: Can export to SVG file (-t svg) - autodetect from -o file extension is coming.

1.0.0-alpha
IMP: Complete refactoring. No longer experimental.

0.2.0-alpha
ADD: List option using . for path will list top levels (i.e. `mdncomp -l .`)

0.1.1-alpha
NEW: Experimental version release


(c) Epistemex 2018